<?xml version="1.0" encoding="UTF-8"?>
<testng-results ignored="0" total="1" passed="1" failed="0" skipped="0">
  <reporter-output>
  </reporter-output>
  <suite started-at="2023-11-15T10:54:00 WIB" name="Default suite" finished-at="2023-11-15T10:59:55 WIB" duration-ms="355460">
    <groups>
    </groups>
    <test started-at="2023-11-15T10:54:00 WIB" name="Default test" finished-at="2023-11-15T10:59:55 WIB" duration-ms="355460">
      <class name="baseclass.TC1">
        <test-method is-config="true" signature="setup()[pri:0, instance:baseclass.TC1@2e48362c]" started-at="2023-11-15T10:54:00 WIB" name="setup" finished-at="2023-11-15T10:59:30 WIB" duration-ms="330228" status="PASS">
          <reporter-output>
          </reporter-output>
        </test-method> <!-- setup -->
        <test-method signature="Test1()[pri:0, instance:baseclass.TC1@2e48362c]" started-at="2023-11-15T10:59:30 WIB" name="Test1" finished-at="2023-11-15T10:59:49 WIB" duration-ms="18656" status="PASS">
          <reporter-output>
          </reporter-output>
        </test-method> <!-- Test1 -->
        <test-method is-config="true" signature="teardown()[pri:0, instance:baseclass.TC1@2e48362c]" started-at="2023-11-15T10:59:49 WIB" name="teardown" finished-at="2023-11-15T10:59:50 WIB" duration-ms="1086" status="FAIL">
          <exception class="org.openqa.selenium.NoSuchSessionException">
            <message>
              <![CDATA[Session ID is null. Using WebDriver after calling quit()?
Build info: version: '4.15.0', revision: '1d14b5521b'
System info: os.name: 'Mac OS X', os.arch: 'x86_64', os.version: '12.2', java.version: '17.0.8.1'
Driver info: io.appium.java_client.AppiumDriver
Command: [null, close {}]
Capabilities {appium:UDID: 519F38C9-23D1-44CF-8CD0-AAA..., appium:automationName: XCUITest, appium:databaseEnabled: false, appium:deviceName: iPhone 11 Pro Max, appium:javascriptEnabled: true, appium:locationContextEnabled: false, appium:networkConnectionEnabled: false, appium:platformVersion: 15.2, appium:takesScreenshot: true, appium:udid: 519F38C9-23D1-44CF-8CD0-AAA..., appium:webStorageEnabled: false, browserName: Safari, platformName: IOS}]]>
            </message>
            <full-stacktrace>
              <![CDATA[org.openqa.selenium.NoSuchSessionException: Session ID is null. Using WebDriver after calling quit()?
Build info: version: '4.15.0', revision: '1d14b5521b'
System info: os.name: 'Mac OS X', os.arch: 'x86_64', os.version: '12.2', java.version: '17.0.8.1'
Driver info: io.appium.java_client.AppiumDriver
Command: [null, close {}]
Capabilities {appium:UDID: 519F38C9-23D1-44CF-8CD0-AAA..., appium:automationName: XCUITest, appium:databaseEnabled: false, appium:deviceName: iPhone 11 Pro Max, appium:javascriptEnabled: true, appium:locationContextEnabled: false, appium:networkConnectionEnabled: false, appium:platformVersion: 15.2, appium:takesScreenshot: true, appium:udid: 519F38C9-23D1-44CF-8CD0-AAA..., appium:webStorageEnabled: false, browserName: Safari, platformName: IOS}
at org.openqa.selenium.remote.HttpCommandExecutor.execute(HttpCommandExecutor.java:152)
at io.appium.java_client.remote.AppiumCommandExecutor.execute(AppiumCommandExecutor.java:238)
at org.openqa.selenium.remote.RemoteWebDriver.execute(RemoteWebDriver.java:607)
at org.openqa.selenium.remote.RemoteWebDriver.execute(RemoteWebDriver.java:680)
at io.appium.java_client.AppiumDriver.execute(AppiumDriver.java:307)
at org.openqa.selenium.remote.RemoteWebDriver.close(RemoteWebDriver.java:414)
at appiumtest.sample.teardown(sample.java:42)
at java.base/jdk.internal.reflect.NativeMethodAccessorImpl.invoke0(Native Method)
at java.base/jdk.internal.reflect.NativeMethodAccessorImpl.invoke(NativeMethodAccessorImpl.java:77)
at java.base/jdk.internal.reflect.DelegatingMethodAccessorImpl.invoke(DelegatingMethodAccessorImpl.java:43)
at java.base/java.lang.reflect.Method.invoke(Method.java:568)
at org.testng.internal.MethodInvocationHelper.invokeMethod(MethodInvocationHelper.java:133)
at org.testng.internal.MethodInvocationHelper.invokeMethodConsideringTimeout(MethodInvocationHelper.java:62)
at org.testng.internal.ConfigInvoker.invokeConfigurationMethod(ConfigInvoker.java:385)
at org.testng.internal.ConfigInvoker.invokeConfigurations(ConfigInvoker.java:321)
at org.testng.TestRunner.invokeTestConfigurations(TestRunner.java:637)
at org.testng.TestRunner.afterRun(TestRunner.java:877)
at org.testng.TestRunner.run(TestRunner.java:599)
at org.testng.SuiteRunner.runTest(SuiteRunner.java:377)
at org.testng.SuiteRunner.runSequentially(SuiteRunner.java:371)
at org.testng.SuiteRunner.privateRun(SuiteRunner.java:332)
at org.testng.SuiteRunner.run(SuiteRunner.java:276)
at org.testng.SuiteRunnerWorker.runSuite(SuiteRunnerWorker.java:53)
at org.testng.SuiteRunnerWorker.run(SuiteRunnerWorker.java:96)
at org.testng.TestNG.runSuitesSequentially(TestNG.java:1212)
at org.testng.TestNG.runSuitesLocally(TestNG.java:1134)
at org.testng.TestNG.runSuites(TestNG.java:1063)
at org.testng.TestNG.run(TestNG.java:1031)
at org.testng.remote.AbstractRemoteTestNG.run(AbstractRemoteTestNG.java:115)
at org.testng.remote.RemoteTestNG.initAndRun(RemoteTestNG.java:251)
at org.testng.remote.RemoteTestNG.main(RemoteTestNG.java:77)
]]>
            </full-stacktrace>
          </exception> <!-- org.openqa.selenium.NoSuchSessionException -->
          <reporter-output>
          </reporter-output>
        </test-method> <!-- teardown -->
      </class> <!-- baseclass.TC1 -->
    </test> <!-- Default test -->
  </suite> <!-- Default suite -->
</testng-results>
